This is pdfeTeXk, Version 3.141592-1.21a-2.2 (Web2C 7.5.4) (format=pdflatex 2009.10.2)  29 NOV 2010 05:07
entering extended mode
 file:line:error style messages enabled.
**\input slides.tex
(./slides.tex (/opt/local/share/texmf-dist/tex/latex/beamer/beamer.cls
(/opt/local/share/texmf-dist/tex/latex/beamer/beamerbasercs.sty
Package: beamerbasercs 2004/10/07 (rcs-revision 1.3)
)
Document Class: beamer 2004/10/11 cvs version 3.01 A class for typesetting pres
entations (rcs-revision 1.55)
(/opt/local/share/texmf-dist/tex/latex/beamer/beamerbasemodes.sty
Package: beamerbasemodes 2004/10/07 (rcs-revision 1.20)
\beamer@tempbox=\box26
\beamer@tempcount=\count79
\c@beamerpauses=\count80

(/opt/local/share/texmf-dist/tex/latex/beamer/beamerbasedecode.sty
Package: beamerbasedecode 2004/10/07 (rcs-revision 1.16)
\beamer@slideinframe=\count81
\beamer@minimum=\count82
)
\beamer@commentbox=\box27
\beamer@modecount=\count83
)
\headheight=\dimen102
\headdp=\dimen103
\footheight=\dimen104
\sidebarheight=\dimen105
\beamer@tempdim=\dimen106
\beamer@finalheight=\dimen107
\beamer@animht=\dimen108
\beamer@animdp=\dimen109
\beamer@animwd=\dimen110
\beamer@leftmargin=\dimen111
\beamer@rightmargin=\dimen112
\beamer@leftsidebar=\dimen113
\beamer@rightsidebar=\dimen114
\beamer@boxsize=\dimen115
\beamer@vboxoffset=\dimen116
\beamer@descdefault=\dimen117
\beamer@descriptionwidth=\dimen118
\beamer@lastskip=\skip41
\beamer@areabox=\box28
\beamer@animcurrent=\box29
\beamer@animshowbox=\box30
\beamer@sectionbox=\box31
\beamer@logobox=\box32
\beamer@linebox=\box33
\beamer@sectioncount=\count84
\beamer@subsectionmax=\count85
\beamer@sectionmax=\count86
\beamer@totalheads=\count87
\beamer@headcounter=\count88
\beamer@partstartpage=\count89
\beamer@sectionstartpage=\count90
\beamer@subsectionstartpage=\count91
\beamer@animationtempa=\count92
\beamer@animationtempb=\count93
\beamer@xpos=\count94
\beamer@ypos=\count95
\beamer@showpartnumber=\count96
\beamer@currentsubsection=\count97
\beamer@coveringdepth=\count98
\beamer@sectionadjust=\count99
\beamer@tocsectionnumber=\count100

(/opt/local/share/texmf-dist/tex/latex/beamer/beamerbaseoptions.sty
Package: beamerbaseoptions 2004/10/07 (rcs-revision 1.6)

(/opt/local/share/texmf-dist/tex/latex/graphics/keyval.sty
Package: keyval 1999/03/16 v1.13 key=value parser (DPC)
\KV@toks@=\toks14
))
(/opt/local/share/texmf-dist/tex/latex/pgf/pgf.sty
Package: pgf 2004/10/08 ver 0.65
\pgf@objectcount=\count101

(/opt/local/share/texmf-dist/tex/latex/graphics/graphicx.sty
Package: graphicx 1999/02/16 v1.0f Enhanced LaTeX Graphics (DPC,SPQR)

(/opt/local/share/texmf-dist/tex/latex/graphics/graphics.sty
Package: graphics 2001/07/07 v1.0n Standard LaTeX Graphics (DPC,SPQR)

(/opt/local/share/texmf-dist/tex/latex/graphics/trig.sty
Package: trig 1999/03/16 v1.09 sin cos tan (DPC)
)
(/opt/local/share/texmf-dist/tex/latex/graphics/graphics.cfg
File: graphics.cfg 2005/02/03 v1.3 graphics configuration of teTeX/TeXLive
)
Package graphics Info: Driver file: pdftex.def on input line 80.

(/opt/local/share/texmf-dist/tex/latex/graphics/pdftex.def
File: pdftex.def 2002/06/19 v0.03k graphics/color for pdftex
\Gread@gobject=\count102
))
\Gin@req@height=\dimen119
\Gin@req@width=\dimen120
)
(/opt/local/share/texmf-dist/tex/latex/xcolor/xcolor.sty
Package: xcolor 2004/07/04 v2.00 LaTeX color extensions (UK)

(/opt/local/share/texmf-dist/tex/latex/graphics/color.cfg
File: color.cfg 2005/02/03 v1.3 color configuration of teTeX/TeXLive
)
Package xcolor Info: Driver file: pdftex.def on input line 136.
Package xcolor Info: Color model `cmy' added on input line 972.
Package xcolor Info: Color model `hsb' added on input line 980.
Package xcolor Info: Color model `HTML' added on input line 1000.
Package xcolor Info: Color model `HSB' added on input line 1006.
Package xcolor Info: Color model `Gray' added on input line 1012.
)
\pgfex=\dimen121
\pgfem=\dimen122
\pgf@linewidth=\dimen123
\pgfpic=\box34
\pgf@hbox=\box35
\pgf@tempbox=\box36
\pgf@aax=\dimen124
\pgf@aay=\dimen125
\pgf@abx=\dimen126
\pgf@aby=\dimen127
\pgf@bax=\dimen128
\pgf@bay=\dimen129
\pgf@bbx=\dimen130
\pgf@bby=\dimen131
\pgf@tempdim=\dimen132
\pgf@x=\dimen133
\pgf@y=\dimen134
\pgf@xa=\dimen135
\pgf@ya=\dimen136
\pgf@xb=\dimen137
\pgf@yb=\dimen138
\pgf@xc=\dimen139
\pgf@yc=\dimen140
\pgfobjectbox=\box37
\pgf@xx=\dimen141
\pgf@xy=\dimen142
\pgf@yx=\dimen143
\pgf@yy=\dimen144
\pgf@zx=\dimen145
\pgf@zy=\dimen146
\pgf@counta=\count103
\pgf@countb=\count104
)
(/opt/local/share/texmf-dist/tex/latex/pgf/xxcolor.sty
Package: xxcolor 2003/10/24 ver 0.1
\XC@nummixins=\count105
\XC@countmixins=\count106
)
(/opt/local/share/texmf-dist/tex/latex/amsfonts/amssymb.sty
Package: amssymb 2002/01/22 v2.2d

(/opt/local/share/texmf-dist/tex/latex/amsfonts/amsfonts.sty
Package: amsfonts 2001/10/25 v2.2f
\@emptytoks=\toks15
\symAMSa=\mathgroup4
\symAMSb=\mathgroup5
LaTeX Font Info:    Overwriting math alphabet `\mathfrak' in version `bold'
(Font)                  U/euf/m/n --> U/euf/b/n on input line 132.
))
(/opt/local/share/texmf-dist/tex/latex/geometry/geometry.sty
Package: geometry 2002/07/08 v3.2 Page Geometry
\Gm@cnth=\count107
\Gm@cntv=\count108
\c@Gm@tempcnt=\count109
\Gm@bindingoffset=\dimen147
\Gm@wd@mp=\dimen148
\Gm@odd@mp=\dimen149
\Gm@even@mp=\dimen150
\Gm@dimlist=\toks16

(/opt/local/share/texmf-dist/tex/latex/geometry/geometry.cfg))
(/opt/local/share/texmf-dist/tex/latex/hyperref/hyperref.sty
Package: hyperref 2003/11/30 v6.74m Hypertext links for LaTeX
\@linkdim=\dimen151
\Hy@linkcounter=\count110
\Hy@pagecounter=\count111

(/opt/local/share/texmf-dist/tex/latex/hyperref/pd1enc.def
File: pd1enc.def 2003/11/30 v6.74m Hyperref: PDFDocEncoding definition (HO)
)
(/opt/local/share/texmf-dist/tex/latex/hyperref/hyperref.cfg
File: hyperref.cfg 2002/06/06 v1.2 hyperref configuration of TeXLive and teTeX
)
Package hyperref Info: Option `bookmarks' set `true' on input line 1830.
Package hyperref Info: Option `bookmarksopen' set `true' on input line 1830.
Package hyperref Info: Option `implicit' set `false' on input line 1830.
Package hyperref Info: Hyper figures OFF on input line 1880.
Package hyperref Info: Link nesting OFF on input line 1885.
Package hyperref Info: Hyper index ON on input line 1888.
Package hyperref Info: Plain pages ON on input line 1893.
Package hyperref Info: Backreferencing OFF on input line 1900.

Implicit mode OFF; no redefinition of LaTeX internals
Package hyperref Info: Bookmarks ON on input line 2004.
(/opt/local/share/texmf-dist/tex/latex/url/url.sty
\Urlmuskip=\muskip10
Package: url 2004/03/15  ver 3.1  Verb mode for urls, etc.
)
LaTeX Info: Redefining \url on input line 2143.
\Fld@menulength=\count112
\Field@Width=\dimen152
\Fld@charsize=\dimen153
\Choice@toks=\toks17
\Field@toks=\toks18
Package hyperref Info: Hyper figures OFF on input line 2618.
Package hyperref Info: Link nesting OFF on input line 2623.
Package hyperref Info: Hyper index ON on input line 2626.
Package hyperref Info: backreferencing OFF on input line 2633.
Package hyperref Info: Link coloring OFF on input line 2638.

Hyperref stopped early
)
*hyperref using default driver hpdftex*
(/opt/local/share/texmf-dist/tex/latex/hyperref/hpdftex.def
File: hpdftex.def 2003/11/30 v6.74m Hyperref driver for pdfTeX

(/opt/local/share/texmf-dist/tex/latex/psnfss/pifont.sty
Package: pifont 2004/09/15 PSNFSS-v9.2 Pi font support (SPQR) 
LaTeX Font Info:    Try loading font information for U+pzd on input line 63.

(/opt/local/share/texmf-dist/tex/latex/psnfss/upzd.fd
File: upzd.fd 2001/06/04 font definitions for U/pzd.
)
LaTeX Font Info:    Try loading font information for U+psy on input line 64.

(/opt/local/share/texmf-dist/tex/latex/psnfss/upsy.fd
File: upsy.fd 2001/06/04 font definitions for U/psy.
))
\Fld@listcount=\count113
\@outlinefile=\write3
)
(/opt/local/share/texmf-dist/tex/latex/base/size11.clo
File: size11.clo 2004/02/16 v1.4f Standard LaTeX file (size option)
)
(/opt/local/share/texmf-dist/tex/latex/beamer/beamerbasecompatibility.sty
Package: beamerbasecompatibility 2004/11/01 (rcs-revision 1.56)
)
(/opt/local/share/texmf-dist/tex/latex/beamer/beamerbasefont.sty
Package: beamerbasefont 2004/10/07 (rcs-revision 1.11)
LaTeX Font Info:    Overwriting symbol font `operators' in version `normal'
(Font)                  OT1/cmr/m/n --> OT1/cmss/m/n on input line 170.
LaTeX Font Info:    Overwriting symbol font `operators' in version `bold'
(Font)                  OT1/cmr/bx/n --> OT1/cmss/bx/n on input line 173.
)
(/opt/local/share/texmf-dist/tex/latex/beamer/beamerbasemisc.sty
Package: beamerbasemisc 2004/10/07 (rcs-revision 1.19)
)
(/opt/local/share/texmf-dist/tex/latex/beamer/beamerbaseoverlay.sty
Package: beamerbaseoverlay 2004/10/26 (rcs-revision 1.47)
\beamer@argscount=\count114
\beamer@lastskipcover=\skip42
\beamer@trivlistdepth=\count115
)
(/opt/local/share/texmf-dist/tex/latex/beamer/beamerbasetitle.sty
Package: beamerbasetitle 2004/11/01 (rcs-revision 1.22)
)
(/opt/local/share/texmf-dist/tex/latex/beamer/beamerbasesection.sty
Package: beamerbasesection 2004/10/14 (rcs-revision 1.15)
\c@lecture=\count116
\c@part=\count117
\c@section=\count118
\c@subsection=\count119
)
(/opt/local/share/texmf-dist/tex/latex/beamer/beamerbaseframe.sty
Package: beamerbaseframe 2004/11/01 (rcs-revision 1.47)
\beamer@framebox=\box38
\beamer@frametitlebox=\box39
\beamer@zoombox=\box40
\beamer@zoomcount=\count120
\beamer@zoomframecount=\count121
\beamer@frametextheight=\dimen154
\c@subsectionslide=\count122
\beamer@frametopskip=\skip43
\beamer@framebottomskip=\skip44
\beamer@frametopskipautobreak=\skip45
\beamer@framebottomskipautobreak=\skip46
\beamer@envbody=\toks19
\c@framenumber=\count123
)
(/opt/local/share/texmf-dist/tex/latex/beamer/beamerbaseverbatim.sty
Package: beamerbaseverbatim 2004/10/13 (rcs-revision 1.2)
\beamer@verbatimfileout=\write4
)
(/opt/local/share/texmf-dist/tex/latex/beamer/beamerbaseframesize.sty
Package: beamerbaseframesize 2004/10/20 (rcs-revision 1.9)
\beamer@splitbox=\box41
\beamer@autobreakcount=\count124
\beamer@frametitletoks=\toks20
\beamer@framesubtitletoks=\toks21
)
(/opt/local/share/texmf-dist/tex/latex/beamer/beamerbaseframecomponents.sty
Package: beamerbaseframecomponents 2004/11/01 (rcs-revision 1.39)
\beamer@footins=\box42
)
(/opt/local/share/texmf-dist/tex/latex/beamer/beamerbasecolor.sty
Package: beamerbasecolor 2004/10/28 (rcs-revision 1.38)
)
(/opt/local/share/texmf-dist/tex/latex/beamer/beamerbasenotes.sty
Package: beamerbasenotes 2004/10/08 (rcs-revision 1.14)
\beamer@frameboxcopy=\box43
)
(/opt/local/share/texmf-dist/tex/latex/beamer/beamerbasetoc.sty
Package: beamerbasetoc 2004/10/07 (rcs-revision 1.19)
)
(/opt/local/share/texmf-dist/tex/latex/beamer/beamerbasetemplates.sty
Package: beamerbasetemplates 2004/10/07 (rcs-revision 1.50)
\beamer@sbttoks=\toks22

(/opt/local/share/texmf-dist/tex/latex/beamer/beamerbaseauxtemplates.sty
Package: beamerbaseauxtemplates 2004/10/28 (rcs-revision 1.21)

(/opt/local/share/texmf-dist/tex/latex/pgf/pgfshade.sty
Package: pgfshade 2004/10/08 ver 0.64
\pgf@max=\dimen155
)
(/opt/local/share/texmf-dist/tex/latex/beamer/beamerbaseboxes.sty
Package: beamerbaseboxes 2004/10/28 (rcs-revision 1.22)
\bmb@box=\box44
\bmb@colorbox=\box45
\bmb@boxshadow=\box46
\bmb@boxshadowball=\box47
\bmb@boxshadowballlarge=\box48
\bmb@temp=\dimen156
\bmb@dima=\dimen157
\bmb@dimb=\dimen158
\bmb@prevheight=\dimen159
)
\beamer@blockheadheight=\dimen160
))
(/opt/local/share/texmf-dist/tex/latex/beamer/beamerbaselocalstructure.sty
Package: beamerbaselocalstructure 2004/11/01 (rcs-revision 1.50)

(/opt/local/share/texmf-dist/tex/latex/tools/enumerate.sty
Package: enumerate 1999/03/05 v3.00 enumerate extensions (DPC)
\@enLab=\toks23
)
\c@figure=\count125
\c@table=\count126
\abovecaptionskip=\skip47
\belowcaptionskip=\skip48
)
(/opt/local/share/texmf-dist/tex/latex/beamer/beamerbasenavigation.sty
Package: beamerbasenavigation 2004/11/01 (rcs-revision 1.30)
)
(/opt/local/share/texmf-dist/tex/latex/beamer/beamerbasetheorems.sty
Package: beamerbasetheorems 2004/10/07 (rcs-revision 1.6)

(/opt/local/share/texmf-dist/tex/latex/amsmath/amsmath.sty
Package: amsmath 2000/07/18 v2.13 AMS math features
\@mathmargin=\skip49

For additional information on amsmath, use the `?' option.
(/opt/local/share/texmf-dist/tex/latex/amsmath/amstext.sty
Package: amstext 2000/06/29 v2.01

(/opt/local/share/texmf-dist/tex/latex/amsmath/amsgen.sty
File: amsgen.sty 1999/11/30 v2.0
\@emptytoks=\toks24
\ex@=\dimen161
))
(/opt/local/share/texmf-dist/tex/latex/amsmath/amsbsy.sty
Package: amsbsy 1999/11/29 v1.2d
\pmbraise@=\dimen162
)
(/opt/local/share/texmf-dist/tex/latex/amsmath/amsopn.sty
Package: amsopn 1999/12/14 v2.01 operator names
)
\inf@bad=\count127
LaTeX Info: Redefining \frac on input line 211.
\uproot@=\count128
\leftroot@=\count129
LaTeX Info: Redefining \overline on input line 307.
\classnum@=\count130
\DOTSCASE@=\count131
LaTeX Info: Redefining \ldots on input line 379.
LaTeX Info: Redefining \dots on input line 382.
LaTeX Info: Redefining \cdots on input line 467.
\Mathstrutbox@=\box49
\strutbox@=\box50
\big@size=\dimen163
LaTeX Font Info:    Redeclaring font encoding OML on input line 567.
LaTeX Font Info:    Redeclaring font encoding OMS on input line 568.
\macc@depth=\count132
\c@MaxMatrixCols=\count133
\dotsspace@=\muskip11
\c@parentequation=\count134
\dspbrk@lvl=\count135
\tag@help=\toks25
\row@=\count136
\column@=\count137
\maxfields@=\count138
\andhelp@=\toks26
\eqnshift@=\dimen164
\alignsep@=\dimen165
\tagshift@=\dimen166
\tagwidth@=\dimen167
\totwidth@=\dimen168
\lineht@=\dimen169
\@envbody=\toks27
\multlinegap=\skip50
\multlinetaggap=\skip51
\mathdisplay@stack=\toks28
LaTeX Info: Redefining \[ on input line 2666.
LaTeX Info: Redefining \] on input line 2667.
)
(/opt/local/share/texmf-dist/tex/latex/amscls/amsthm.sty
Package: amsthm 2004/08/06 v2.20
\thm@style=\toks29
\thm@bodyfont=\toks30
\thm@headfont=\toks31
\thm@notefont=\toks32
\thm@headpunct=\toks33
\thm@preskip=\skip52
\thm@postskip=\skip53
\thm@headsep=\skip54
\dth@everypar=\toks34
)
\c@theorem=\count139
)
(/opt/local/share/texmf-dist/tex/latex/beamer/beamerbasethemes.sty
Package: beamerbasethemes 2004/10/07 (rcs-revision 1.9)
)
(/opt/local/share/texmf-dist/tex/latex/beamer/beamerthemedefault.sty
Package: beamerthemedefault 2004/10/07 (rcs-revision 1.6)

(/opt/local/share/texmf-dist/tex/latex/beamer/beamerfontthemedefault.sty
Package: beamerfontthemedefault 2004/10/07 (rcs-revision 1.10)
)
(/opt/local/share/texmf-dist/tex/latex/beamer/beamercolorthemedefault.sty
Package: beamercolorthemedefault 2004/10/07 (rcs-revision 1.25)
)
(/opt/local/share/texmf-dist/tex/latex/beamer/beamerinnerthemedefault.sty
Package: beamerinnerthemedefault 2004/10/28 (rcs-revision 1.16)
\beamer@dima=\dimen170
\beamer@dimb=\dimen171
)
(/opt/local/share/texmf-dist/tex/latex/beamer/beamerouterthemedefault.sty
Package: beamerouterthemedefault 2004/10/07 (rcs-revision 1.6)
)))

Package hyperref Warning: Token not allowed in a PDFDocEncoded string,
(hyperref)                removing `\\' on input line 10.

(./slides.aux

LaTeX Warning: Label `fig:dist' multiply defined.

)
\openout1 = `slides.aux'.

LaTeX Font Info:    Checking defaults for OML/cmm/m/it on input line 12.
LaTeX Font Info:    ... okay on input line 12.
LaTeX Font Info:    Checking defaults for T1/cmr/m/n on input line 12.
LaTeX Font Info:    ... okay on input line 12.
LaTeX Font Info:    Checking defaults for OT1/cmr/m/n on input line 12.
LaTeX Font Info:    ... okay on input line 12.
LaTeX Font Info:    Checking defaults for OMS/cmsy/m/n on input line 12.
LaTeX Font Info:    ... okay on input line 12.
LaTeX Font Info:    Checking defaults for OMX/cmex/m/n on input line 12.
LaTeX Font Info:    ... okay on input line 12.
LaTeX Font Info:    Checking defaults for U/cmr/m/n on input line 12.
LaTeX Font Info:    ... okay on input line 12.
LaTeX Font Info:    Checking defaults for PD1/pdf/m/n on input line 12.
LaTeX Font Info:    ... okay on input line 12.
 (/opt/local/share/texmf-dist/tex/context/base/supp-pdf.tex
(/opt/local/share/texmf-dist/tex/context/base/supp-mis.tex
loading : Context Support Macros / Miscellaneous (2004.10.26)
\protectiondepth=\count140
\scratchcounter=\count141
\scratchtoks=\toks35
\scratchdimen=\dimen172
\scratchskip=\skip55
\scratchmuskip=\muskip12
\scratchbox=\box51
\scratchread=\read1
\scratchwrite=\write5
\zeropoint=\dimen173
\onepoint=\dimen174
\onebasepoint=\dimen175
\minusone=\count142
\thousandpoint=\dimen176
\onerealpoint=\dimen177
\emptytoks=\toks36
\nextbox=\box52
\nextdepth=\dimen178
\everyline=\toks37
\!!counta=\count143
\!!countb=\count144
\recursecounter=\count145
)
loading : Context Support Macros / PDF (2004.03.26)
\nofMPsegments=\count146
\nofMParguments=\count147
\MPscratchCnt=\count148
\MPscratchDim=\dimen179
\MPnumerator=\count149
\everyMPtoPDFconversion=\toks38
)
-------------------- Geometry parameters
paper: user defined
landscape: --
twocolumn: --
twoside: --
asymmetric: --
h-parts: 28.45274pt, 307.28987pt, 28.45274pt
v-parts: 0.0pt, 273.14662pt, 0.0pt
hmarginratio: --
vmarginratio: --
lines: --
heightrounded: --
bindingoffset: 0.0pt
truedimen: --
includehead: true
includefoot: true
includemp: --
driver: pdftex
-------------------- Page layout dimensions and switches
\paperwidth  364.19536pt
\paperheight 273.14662pt
\textwidth  307.28987pt
\textheight 244.6939pt
\oddsidemargin  -43.81725pt
\evensidemargin -43.81725pt
\topmargin  -72.26999pt
\headheight 14.22636pt
\headsep    0.0pt
\footskip   14.22636pt
\marginparwidth 4.0pt
\marginparsep   10.0pt
\columnsep  10.0pt
\skip\footins  10.0pt plus 4.0pt minus 2.0pt
\hoffset 0.0pt
\voffset 0.0pt
\mag 1000

(1in=72.27pt, 1cm=28.45pt)
-----------------------
Package hyperref Info: Link coloring OFF on input line 12.
 (/opt/local/share/texmf-dist/tex/latex/hyperref/nameref.sty
Package: nameref 2003/12/03 v2.21 Cross-referencing by name of section
\c@section@level=\count150
)
LaTeX Info: Redefining \ref on input line 12.
LaTeX Info: Redefining \pageref on input line 12.
 (./slides.out)
(./slides.out)
\openout3 = `slides.out'.

\symnumbers=\mathgroup6
\sympureletters=\mathgroup7
LaTeX Font Info:    Overwriting math alphabet `\mathrm' in version `normal'
(Font)                  OT1/cmss/m/n --> OT1/cmr/m/n on input line 12.
LaTeX Font Info:    Redeclaring math alphabet \mathbf on input line 12.
LaTeX Font Info:    Overwriting math alphabet `\mathbf' in version `normal'
(Font)                  OT1/cmr/bx/n --> OT1/cmss/bx/n on input line 12.
LaTeX Font Info:    Overwriting math alphabet `\mathbf' in version `bold'
(Font)                  OT1/cmr/bx/n --> OT1/cmss/bx/n on input line 12.
LaTeX Font Info:    Redeclaring math alphabet \mathsf on input line 12.
LaTeX Font Info:    Overwriting math alphabet `\mathsf' in version `normal'
(Font)                  OT1/cmss/m/n --> OT1/cmss/m/n on input line 12.
LaTeX Font Info:    Overwriting math alphabet `\mathsf' in version `bold'
(Font)                  OT1/cmss/bx/n --> OT1/cmss/m/n on input line 12.
LaTeX Font Info:    Redeclaring math alphabet \mathit on input line 12.
LaTeX Font Info:    Overwriting math alphabet `\mathit' in version `normal'
(Font)                  OT1/cmr/m/it --> OT1/cmss/m/it on input line 12.
LaTeX Font Info:    Overwriting math alphabet `\mathit' in version `bold'
(Font)                  OT1/cmr/bx/it --> OT1/cmss/m/it on input line 12.
LaTeX Font Info:    Redeclaring math alphabet \mathtt on input line 12.
LaTeX Font Info:    Overwriting math alphabet `\mathtt' in version `normal'
(Font)                  OT1/cmtt/m/n --> OT1/cmtt/m/n on input line 12.
LaTeX Font Info:    Overwriting math alphabet `\mathtt' in version `bold'
(Font)                  OT1/cmtt/m/n --> OT1/cmtt/m/n on input line 12.
LaTeX Font Info:    Overwriting symbol font `numbers' in version `bold'
(Font)                  OT1/cmss/m/n --> OT1/cmss/bx/n on input line 12.
LaTeX Font Info:    Overwriting symbol font `pureletters' in version `bold'
(Font)                  OT1/cmss/m/it --> OT1/cmss/bx/it on input line 12.
LaTeX Font Info:    Overwriting math alphabet `\mathrm' in version `bold'
(Font)                  OT1/cmss/bx/n --> OT1/cmr/bx/n on input line 12.
LaTeX Font Info:    Overwriting math alphabet `\mathbf' in version `bold'
(Font)                  OT1/cmss/bx/n --> OT1/cmss/bx/n on input line 12.
LaTeX Font Info:    Overwriting math alphabet `\mathsf' in version `bold'
(Font)                  OT1/cmss/m/n --> OT1/cmss/bx/n on input line 12.
LaTeX Font Info:    Overwriting math alphabet `\mathit' in version `bold'
(Font)                  OT1/cmss/m/it --> OT1/cmss/bx/it on input line 12.
LaTeX Font Info:    Overwriting math alphabet `\mathtt' in version `bold'
(Font)                  OT1/cmtt/m/n --> OT1/cmtt/bx/n on input line 12.
 (./slides.nav)
LaTeX Font Info:    Try loading font information for OMS+cmtt on input line 13.

LaTeX Font Info:    No file OMScmtt.fd. on input line 13.


LaTeX Font Warning: Font shape `OMS/cmtt/m/n' undefined
(Font)              using `OMS/cmsy/m/n' instead
(Font)              for symbol `textbraceleft' on input line 13.


LaTeX Font Warning: Font shape `OT1/cmss/m/n' in size <4> not available
(Font)              size <5> substituted on input line 13.

[1

{/opt/local/share/texmf-var/fonts/map/pdftex/updmap/pdftex.map}]
<review_ex_1.png, id=51, 675.52374pt x 498.86375pt>
File: review_ex_1.png Graphic file (type png)
 <use review_ex_1.png>
[2

 <./review_ex_1.png>] <histos.png, id=77, 1130.3028pt x 445.9059pt>
File: histos.png Graphic file (type png)

<use histos.png> [3

 <./histos.png>]
<review_unvoted.png, id=104, 672.5125pt x 487.8225pt>
File: review_unvoted.png Graphic file (type png)
 <use review_unvoted.png>
[4

 <./review_unvoted.png>]
<learning_summary.png, id=131, 490.83376pt x 188.705pt>
File: learning_summary.png Graphic file (type png)

<use learning_summary.png>
LaTeX Font Info:    Try loading font information for U+msa on input line 47.

(/opt/local/share/texmf-dist/tex/latex/amsfonts/umsa.fd
File: umsa.fd 2002/01/19 v2.2g AMS font definitions
)
LaTeX Font Info:    Try loading font information for U+msb on input line 47.

(/opt/local/share/texmf-dist/tex/latex/amsfonts/umsb.fd
File: umsb.fd 2002/01/19 v2.2g AMS font definitions
) [5

 <./learning_summary.png>] <review_ex_2.png, id=164, 673.51625pt x 336.25626pt>
File: review_ex_2.png Graphic file (type png)

<use review_ex_2.png> [6

 <./review_ex_2.png>] [7

]
<features_distributions.png, id=222, 695.59875pt x 405.515pt>
File: features_distributions.png Graphic file (type png)

<use features_distributions.png> [8

 <./features_distributions.png>] [9

]
[10

] <adaptation.png, id=299, 490.83376pt x 285.065pt>
File: adaptation.png Graphic file (type png)
 <use adaptation.png>
[11

 <./adaptation.png>]
\tf@nav=\write6
\openout6 = `slides.nav'.

\tf@toc=\write7
\openout7 = `slides.toc'.

\tf@snm=\write8
\openout8 = `slides.snm'.

 (./slides.aux)

LaTeX Font Warning: Size substitutions with differences
(Font)              up to 1.0pt have occurred.


LaTeX Font Warning: Some font shapes were not available, defaults substituted.


LaTeX Warning: There were multiply-defined labels.

 ) 
Here is how much of TeX's memory you used:
 7327 strings out of 94500
 125634 string characters out of 1155413
 197424 words of memory out of 1000000
 10297 multiletter control sequences out of 10000+50000
 14344 words of font info for 53 fonts, out of 500000 for 2000
 580 hyphenation exceptions out of 1000
 41i,14n,46p,360b,455s stack positions out of 1500i,500n,5000p,200000b,5000s
PDF statistics:
 324 PDF objects out of 300000
 29 named destinations out of 131072
 72 words of extra memory for PDF output out of 65536
</opt/local/share/texmf-dist/fonts/type1/bluesky/symbols/msam7.pfb></opt/loca
l/share/texmf-dist/fonts/type1/bluesky/cm/cmmi10.pfb></opt/local/share/texmf-di
st/fonts/type1/bluesky/cm/cmss8.pfb></opt/local/share/texmf-dist/fonts/type1/bl
uesky/symbols/msam7.pfb></opt/local/share/texmf-dist/fonts/type1/bluesky/cm/cmt
t10.pfb></opt/local/share/texmf-dist/fonts/type1/bluesky/cm/cmsy10.pfb></opt/lo
cal/share/texmf-dist/fonts/type1/bluesky/cm/cmss10.pfb></opt/local/share/texmf-
dist/fonts/type1/bluesky/cm/cmss12.pfb>
Output written on slides.pdf (11 pages, 453401 bytes).
